{"C:\\Users\\jgadd\\WORKSPACE\\safe\\src\\App.js": {"path":"C:\\Users\\jgadd\\WORKSPACE\\safe\\src\\App.js","statementMap":{"0":{"start":{"line":5,"column":19},"end":{"line":12,"column":1}},"1":{"start":{"line":6,"column":2},"end":{"line":11,"column":3}}},"fnMap":{"0":{"name":"(anonymous_0)","decl":{"start":{"line":5,"column":19},"end":{"line":5,"column":20}},"loc":{"start":{"line":5,"column":25},"end":{"line":12,"column":1}},"line":5}},"branchMap":{},"s":{"0":1,"1":1},"f":{"0":1},"b":{},"_coverageSchema":"1a1c01bbd47fc00a2c39e90264f33305004495a9","hash":"fda38c04da146cf7db4c0e51e086705554f8807f"}
,"C:\\Users\\jgadd\\WORKSPACE\\safe\\src\\components\\Combination\\Combination.js": {"path":"C:\\Users\\jgadd\\WORKSPACE\\safe\\src\\components\\Combination\\Combination.js","statementMap":{"0":{"start":{"line":3,"column":20},"end":{"line":13,"column":1}},"1":{"start":{"line":4,"column":18},"end":{"line":6,"column":2}},"2":{"start":{"line":5,"column":2},"end":{"line":5,"column":75}},"3":{"start":{"line":8,"column":2},"end":{"line":12,"column":3}}},"fnMap":{"0":{"name":"(anonymous_0)","decl":{"start":{"line":3,"column":20},"end":{"line":3,"column":21}},"loc":{"start":{"line":3,"column":32},"end":{"line":13,"column":1}},"line":3},"1":{"name":"(anonymous_1)","decl":{"start":{"line":4,"column":27},"end":{"line":4,"column":28}},"loc":{"start":{"line":4,"column":41},"end":{"line":6,"column":1}},"line":4}},"branchMap":{},"s":{"0":3,"1":32,"2":49,"3":32},"f":{"0":32,"1":49},"b":{},"_coverageSchema":"1a1c01bbd47fc00a2c39e90264f33305004495a9","hash":"25f832f0f3a27f3a33135862fe2d23449c3b4858"}
,"C:\\Users\\jgadd\\WORKSPACE\\safe\\src\\components\\Lock\\Lock.js": {"path":"C:\\Users\\jgadd\\WORKSPACE\\safe\\src\\components\\Lock\\Lock.js","statementMap":{"0":{"start":{"line":6,"column":13},"end":{"line":62,"column":1}},"1":{"start":{"line":7,"column":2},"end":{"line":9,"column":3}},"2":{"start":{"line":7,"column":42},"end":{"line":9,"column":3}},"3":{"start":{"line":11,"column":17},"end":{"line":15,"column":3}},"4":{"start":{"line":17,"column":34},"end":{"line":17,"column":69}},"5":{"start":{"line":19,"column":22},"end":{"line":23,"column":3}},"6":{"start":{"line":20,"column":4},"end":{"line":22,"column":38}},"7":{"start":{"line":25,"column":40},"end":{"line":25,"column":62}},"8":{"start":{"line":27,"column":22},"end":{"line":30,"column":3}},"9":{"start":{"line":28,"column":4},"end":{"line":28,"column":44}},"10":{"start":{"line":28,"column":38},"end":{"line":28,"column":44}},"11":{"start":{"line":29,"column":4},"end":{"line":29,"column":59}},"12":{"start":{"line":33,"column":22},"end":{"line":33,"column":34}},"13":{"start":{"line":34,"column":18},"end":{"line":34,"column":27}},"14":{"start":{"line":35,"column":2},"end":{"line":44,"column":3}},"15":{"start":{"line":35,"column":15},"end":{"line":35,"column":16}},"16":{"start":{"line":36,"column":4},"end":{"line":43,"column":5}},"17":{"start":{"line":40,"column":23},"end":{"line":40,"column":37}},"18":{"start":{"line":46,"column":2},"end":{"line":61,"column":3}},"19":{"start":{"line":51,"column":8},"end":{"line":51,"column":34}},"20":{"start":{"line":52,"column":8},"end":{"line":52,"column":44}},"21":{"start":{"line":57,"column":29},"end":{"line":57,"column":66}}},"fnMap":{"0":{"name":"(anonymous_0)","decl":{"start":{"line":6,"column":13},"end":{"line":6,"column":14}},"loc":{"start":{"line":6,"column":41},"end":{"line":62,"column":1}},"line":6},"1":{"name":"(anonymous_1)","decl":{"start":{"line":19,"column":22},"end":{"line":19,"column":23}},"loc":{"start":{"line":19,"column":42},"end":{"line":23,"column":3}},"line":19},"2":{"name":"(anonymous_2)","decl":{"start":{"line":27,"column":22},"end":{"line":27,"column":23}},"loc":{"start":{"line":27,"column":33},"end":{"line":30,"column":3}},"line":27},"3":{"name":"(anonymous_3)","decl":{"start":{"line":40,"column":17},"end":{"line":40,"column":18}},"loc":{"start":{"line":40,"column":23},"end":{"line":40,"column":37}},"line":40},"4":{"name":"(anonymous_4)","decl":{"start":{"line":50,"column":23},"end":{"line":50,"column":24}},"loc":{"start":{"line":50,"column":29},"end":{"line":53,"column":9}},"line":50},"5":{"name":"(anonymous_5)","decl":{"start":{"line":57,"column":23},"end":{"line":57,"column":24}},"loc":{"start":{"line":57,"column":29},"end":{"line":57,"column":66}},"line":57}},"branchMap":{"0":{"loc":{"start":{"line":7,"column":2},"end":{"line":9,"column":3}},"type":"if","locations":[{"start":{"line":7,"column":2},"end":{"line":9,"column":3}},{"start":{"line":7,"column":2},"end":{"line":9,"column":3}}],"line":7},"1":{"loc":{"start":{"line":20,"column":4},"end":{"line":22,"column":38}},"type":"cond-expr","locations":[{"start":{"line":21,"column":6},"end":{"line":21,"column":42}},{"start":{"line":22,"column":6},"end":{"line":22,"column":38}}],"line":20},"2":{"loc":{"start":{"line":28,"column":4},"end":{"line":28,"column":44}},"type":"if","locations":[{"start":{"line":28,"column":4},"end":{"line":28,"column":44}},{"start":{"line":28,"column":4},"end":{"line":28,"column":44}}],"line":28}},"s":{"0":2,"1":32,"2":1,"3":31,"4":31,"5":31,"6":3,"7":31,"8":31,"9":18,"10":1,"11":17,"12":31,"13":31,"14":31,"15":31,"16":1805,"17":18,"18":31,"19":2,"20":2,"21":3},"f":{"0":32,"1":3,"2":18,"3":18,"4":2,"5":3},"b":{"0":[1,31],"1":[1,2],"2":[1,17]},"_coverageSchema":"1a1c01bbd47fc00a2c39e90264f33305004495a9","hash":"9160c0e7edd7057d7db3ffec5e794c1a1907ec6b"}
,"C:\\Users\\jgadd\\WORKSPACE\\safe\\src\\components\\Lock\\checkCode.js": {"path":"C:\\Users\\jgadd\\WORKSPACE\\safe\\src\\components\\Lock\\checkCode.js","statementMap":{"0":{"start":{"line":1,"column":17},"end":{"line":1,"column":45}},"1":{"start":{"line":1,"column":26},"end":{"line":1,"column":45}},"2":{"start":{"line":3,"column":25},"end":{"line":5,"column":1}},"3":{"start":{"line":4,"column":2},"end":{"line":4,"column":61}}},"fnMap":{"0":{"name":"(anonymous_0)","decl":{"start":{"line":1,"column":17},"end":{"line":1,"column":18}},"loc":{"start":{"line":1,"column":26},"end":{"line":1,"column":45}},"line":1},"1":{"name":"(anonymous_1)","decl":{"start":{"line":3,"column":25},"end":{"line":3,"column":26}},"loc":{"start":{"line":3,"column":50},"end":{"line":5,"column":1}},"line":3}},"branchMap":{"0":{"loc":{"start":{"line":3,"column":34},"end":{"line":3,"column":45}},"type":"default-arg","locations":[{"start":{"line":3,"column":43},"end":{"line":3,"column":45}}],"line":3},"1":{"loc":{"start":{"line":4,"column":9},"end":{"line":4,"column":61}},"type":"cond-expr","locations":[{"start":{"line":4,"column":49},"end":{"line":4,"column":54}},{"start":{"line":4,"column":57},"end":{"line":4,"column":61}}],"line":4}},"s":{"0":3,"1":16,"2":3,"3":8},"f":{"0":16,"1":8},"b":{"0":[1],"1":[5,3]},"_coverageSchema":"1a1c01bbd47fc00a2c39e90264f33305004495a9","hash":"66ddbed3192a1b3f41656a10f53c404dd1f8f986"}
}
