{"C:\\Users\\jgadd\\WORKSPACE\\safe\\src\\App.js": {"path":"C:\\Users\\jgadd\\WORKSPACE\\safe\\src\\App.js","statementMap":{"0":{"start":{"line":5,"column":19},"end":{"line":12,"column":1}},"1":{"start":{"line":6,"column":2},"end":{"line":11,"column":3}}},"fnMap":{"0":{"name":"(anonymous_0)","decl":{"start":{"line":5,"column":19},"end":{"line":5,"column":20}},"loc":{"start":{"line":5,"column":25},"end":{"line":12,"column":1}},"line":5}},"branchMap":{},"s":{"0":1,"1":1},"f":{"0":1},"b":{},"_coverageSchema":"1a1c01bbd47fc00a2c39e90264f33305004495a9","hash":"fda38c04da146cf7db4c0e51e086705554f8807f"}
,"C:\\Users\\jgadd\\WORKSPACE\\safe\\src\\safeMachine.js": {"path":"C:\\Users\\jgadd\\WORKSPACE\\safe\\src\\safeMachine.js","statementMap":{"0":{"start":{"line":3,"column":19},"end":{"line":7,"column":2}},"1":{"start":{"line":4,"column":2},"end":{"line":4,"column":74}},"2":{"start":{"line":4,"column":68},"end":{"line":4,"column":74}},"3":{"start":{"line":5,"column":2},"end":{"line":5,"column":39}},"4":{"start":{"line":5,"column":33},"end":{"line":5,"column":39}},"5":{"start":{"line":6,"column":2},"end":{"line":6,"column":47}},"6":{"start":{"line":9,"column":18},"end":{"line":9,"column":54}},"7":{"start":{"line":9,"column":36},"end":{"line":9,"column":53}},"8":{"start":{"line":11,"column":22},"end":{"line":11,"column":64}},"9":{"start":{"line":11,"column":33},"end":{"line":11,"column":64}},"10":{"start":{"line":12,"column":24},"end":{"line":12,"column":66}},"11":{"start":{"line":12,"column":35},"end":{"line":12,"column":66}},"12":{"start":{"line":14,"column":21},"end":{"line":14,"column":57}},"13":{"start":{"line":14,"column":32},"end":{"line":14,"column":57}},"14":{"start":{"line":16,"column":27},"end":{"line":68,"column":2}},"15":{"start":{"line":16,"column":39},"end":{"line":68,"column":2}},"16":{"start":{"line":35,"column":48},"end":{"line":35,"column":111}},"17":{"start":{"line":36,"column":48},"end":{"line":36,"column":111}}},"fnMap":{"0":{"name":"(anonymous_0)","decl":{"start":{"line":3,"column":26},"end":{"line":3,"column":27}},"loc":{"start":{"line":3,"column":46},"end":{"line":7,"column":1}},"line":3},"1":{"name":"(anonymous_1)","decl":{"start":{"line":9,"column":25},"end":{"line":9,"column":26}},"loc":{"start":{"line":9,"column":36},"end":{"line":9,"column":53}},"line":9},"2":{"name":"(anonymous_2)","decl":{"start":{"line":11,"column":22},"end":{"line":11,"column":23}},"loc":{"start":{"line":11,"column":33},"end":{"line":11,"column":64}},"line":11},"3":{"name":"(anonymous_3)","decl":{"start":{"line":12,"column":24},"end":{"line":12,"column":25}},"loc":{"start":{"line":12,"column":35},"end":{"line":12,"column":66}},"line":12},"4":{"name":"(anonymous_4)","decl":{"start":{"line":14,"column":21},"end":{"line":14,"column":22}},"loc":{"start":{"line":14,"column":32},"end":{"line":14,"column":57}},"line":14},"5":{"name":"(anonymous_5)","decl":{"start":{"line":16,"column":27},"end":{"line":16,"column":28}},"loc":{"start":{"line":16,"column":39},"end":{"line":68,"column":2}},"line":16},"6":{"name":"(anonymous_6)","decl":{"start":{"line":35,"column":37},"end":{"line":35,"column":38}},"loc":{"start":{"line":35,"column":48},"end":{"line":35,"column":111}},"line":35},"7":{"name":"(anonymous_7)","decl":{"start":{"line":36,"column":37},"end":{"line":36,"column":38}},"loc":{"start":{"line":36,"column":48},"end":{"line":36,"column":111}},"line":36}},"branchMap":{"0":{"loc":{"start":{"line":4,"column":2},"end":{"line":4,"column":74}},"type":"if","locations":[{"start":{"line":4,"column":2},"end":{"line":4,"column":74}},{"start":{"line":4,"column":2},"end":{"line":4,"column":74}}],"line":4},"1":{"loc":{"start":{"line":4,"column":6},"end":{"line":4,"column":66}},"type":"binary-expr","locations":[{"start":{"line":4,"column":6},"end":{"line":4,"column":31}},{"start":{"line":4,"column":35},"end":{"line":4,"column":66}}],"line":4},"2":{"loc":{"start":{"line":5,"column":2},"end":{"line":5,"column":39}},"type":"if","locations":[{"start":{"line":5,"column":2},"end":{"line":5,"column":39}},{"start":{"line":5,"column":2},"end":{"line":5,"column":39}}],"line":5}},"s":{"0":3,"1":18,"2":1,"3":17,"4":0,"5":17,"6":3,"7":2,"8":3,"9":0,"10":3,"11":0,"12":3,"13":0,"14":3,"15":32,"16":3,"17":2},"f":{"0":18,"1":2,"2":0,"3":0,"4":0,"5":32,"6":3,"7":2},"b":{"0":[1,17],"1":[18,17],"2":[0,17]},"_coverageSchema":"1a1c01bbd47fc00a2c39e90264f33305004495a9","hash":"1656cb772fdbe346860bd5807fe36c593eda99d7"}
,"C:\\Users\\jgadd\\WORKSPACE\\safe\\src\\components\\Combination\\Combination.js": {"path":"C:\\Users\\jgadd\\WORKSPACE\\safe\\src\\components\\Combination\\Combination.js","statementMap":{"0":{"start":{"line":3,"column":20},"end":{"line":13,"column":1}},"1":{"start":{"line":4,"column":18},"end":{"line":6,"column":2}},"2":{"start":{"line":5,"column":2},"end":{"line":5,"column":75}},"3":{"start":{"line":8,"column":2},"end":{"line":12,"column":3}}},"fnMap":{"0":{"name":"(anonymous_0)","decl":{"start":{"line":3,"column":20},"end":{"line":3,"column":21}},"loc":{"start":{"line":3,"column":32},"end":{"line":13,"column":1}},"line":3},"1":{"name":"(anonymous_1)","decl":{"start":{"line":4,"column":27},"end":{"line":4,"column":28}},"loc":{"start":{"line":4,"column":41},"end":{"line":6,"column":1}},"line":4}},"branchMap":{},"s":{"0":3,"1":32,"2":49,"3":32},"f":{"0":32,"1":49},"b":{},"_coverageSchema":"1a1c01bbd47fc00a2c39e90264f33305004495a9","hash":"25f832f0f3a27f3a33135862fe2d23449c3b4858"}
,"C:\\Users\\jgadd\\WORKSPACE\\safe\\src\\components\\Lock\\Lock.js": {"path":"C:\\Users\\jgadd\\WORKSPACE\\safe\\src\\components\\Lock\\Lock.js","statementMap":{"0":{"start":{"line":8,"column":13},"end":{"line":80,"column":1}},"1":{"start":{"line":11,"column":2},"end":{"line":11,"column":97}},"2":{"start":{"line":11,"column":42},"end":{"line":11,"column":97}},"3":{"start":{"line":14,"column":17},"end":{"line":18,"column":3}},"4":{"start":{"line":20,"column":18},"end":{"line":20,"column":37}},"5":{"start":{"line":21,"column":26},"end":{"line":21,"column":45}},"6":{"start":{"line":23,"column":21},"end":{"line":23,"column":62}},"7":{"start":{"line":23,"column":30},"end":{"line":23,"column":62}},"8":{"start":{"line":24,"column":20},"end":{"line":24,"column":39}},"9":{"start":{"line":24,"column":26},"end":{"line":24,"column":39}},"10":{"start":{"line":25,"column":18},"end":{"line":25,"column":35}},"11":{"start":{"line":25,"column":24},"end":{"line":25,"column":35}},"12":{"start":{"line":26,"column":18},"end":{"line":26,"column":38}},"13":{"start":{"line":28,"column":34},"end":{"line":28,"column":69}},"14":{"start":{"line":30,"column":22},"end":{"line":44,"column":5}},"15":{"start":{"line":31,"column":22},"end":{"line":31,"column":31}},"16":{"start":{"line":32,"column":4},"end":{"line":43,"column":7}},"17":{"start":{"line":34,"column":6},"end":{"line":34,"column":42}},"18":{"start":{"line":35,"column":6},"end":{"line":35,"column":12}},"19":{"start":{"line":37,"column":6},"end":{"line":37,"column":38}},"20":{"start":{"line":38,"column":6},"end":{"line":38,"column":12}},"21":{"start":{"line":41,"column":8},"end":{"line":41,"column":46}},"22":{"start":{"line":42,"column":8},"end":{"line":42,"column":14}},"23":{"start":{"line":46,"column":22},"end":{"line":49,"column":3}},"24":{"start":{"line":47,"column":4},"end":{"line":47,"column":35}},"25":{"start":{"line":47,"column":29},"end":{"line":47,"column":35}},"26":{"start":{"line":48,"column":4},"end":{"line":48,"column":21}},"27":{"start":{"line":52,"column":22},"end":{"line":52,"column":34}},"28":{"start":{"line":53,"column":18},"end":{"line":53,"column":27}},"29":{"start":{"line":54,"column":2},"end":{"line":63,"column":3}},"30":{"start":{"line":54,"column":15},"end":{"line":54,"column":16}},"31":{"start":{"line":55,"column":4},"end":{"line":62,"column":5}},"32":{"start":{"line":59,"column":23},"end":{"line":59,"column":37}},"33":{"start":{"line":65,"column":2},"end":{"line":79,"column":3}},"34":{"start":{"line":70,"column":8},"end":{"line":70,"column":19}},"35":{"start":{"line":71,"column":8},"end":{"line":71,"column":44}},"36":{"start":{"line":75,"column":29},"end":{"line":75,"column":42}}},"fnMap":{"0":{"name":"(anonymous_0)","decl":{"start":{"line":8,"column":13},"end":{"line":8,"column":14}},"loc":{"start":{"line":8,"column":41},"end":{"line":80,"column":1}},"line":8},"1":{"name":"(anonymous_1)","decl":{"start":{"line":23,"column":21},"end":{"line":23,"column":22}},"loc":{"start":{"line":23,"column":30},"end":{"line":23,"column":62}},"line":23},"2":{"name":"(anonymous_2)","decl":{"start":{"line":24,"column":20},"end":{"line":24,"column":21}},"loc":{"start":{"line":24,"column":26},"end":{"line":24,"column":39}},"line":24},"3":{"name":"(anonymous_3)","decl":{"start":{"line":25,"column":18},"end":{"line":25,"column":19}},"loc":{"start":{"line":25,"column":24},"end":{"line":25,"column":35}},"line":25},"4":{"name":"(anonymous_4)","decl":{"start":{"line":30,"column":22},"end":{"line":30,"column":23}},"loc":{"start":{"line":30,"column":28},"end":{"line":44,"column":5}},"line":30},"5":{"name":"(anonymous_5)","decl":{"start":{"line":46,"column":22},"end":{"line":46,"column":23}},"loc":{"start":{"line":46,"column":33},"end":{"line":49,"column":3}},"line":46},"6":{"name":"(anonymous_6)","decl":{"start":{"line":59,"column":17},"end":{"line":59,"column":18}},"loc":{"start":{"line":59,"column":23},"end":{"line":59,"column":37}},"line":59},"7":{"name":"(anonymous_7)","decl":{"start":{"line":69,"column":23},"end":{"line":69,"column":24}},"loc":{"start":{"line":69,"column":29},"end":{"line":72,"column":7}},"line":69},"8":{"name":"(anonymous_8)","decl":{"start":{"line":75,"column":23},"end":{"line":75,"column":24}},"loc":{"start":{"line":75,"column":29},"end":{"line":75,"column":42}},"line":75}},"branchMap":{"0":{"loc":{"start":{"line":11,"column":2},"end":{"line":11,"column":97}},"type":"if","locations":[{"start":{"line":11,"column":2},"end":{"line":11,"column":97}},{"start":{"line":11,"column":2},"end":{"line":11,"column":97}}],"line":11},"1":{"loc":{"start":{"line":32,"column":4},"end":{"line":43,"column":7}},"type":"switch","locations":[{"start":{"line":33,"column":6},"end":{"line":35,"column":12}},{"start":{"line":36,"column":6},"end":{"line":38,"column":12}},{"start":{"line":39,"column":6},"end":{"line":39,"column":18}},{"start":{"line":40,"column":8},"end":{"line":42,"column":14}}],"line":32},"2":{"loc":{"start":{"line":47,"column":4},"end":{"line":47,"column":35}},"type":"if","locations":[{"start":{"line":47,"column":4},"end":{"line":47,"column":35}},{"start":{"line":47,"column":4},"end":{"line":47,"column":35}}],"line":47}},"s":{"0":2,"1":31,"2":0,"3":31,"4":31,"5":31,"6":31,"7":17,"8":31,"9":2,"10":31,"11":3,"12":31,"13":31,"14":31,"15":3,"16":3,"17":1,"18":1,"19":2,"20":2,"21":0,"22":0,"23":31,"24":18,"25":1,"26":17,"27":31,"28":31,"29":31,"30":31,"31":1840,"32":18,"33":31,"34":2,"35":2,"36":3},"f":{"0":31,"1":17,"2":2,"3":3,"4":3,"5":18,"6":18,"7":2,"8":3},"b":{"0":[0,31],"1":[1,2,0,0],"2":[1,17]},"_coverageSchema":"1a1c01bbd47fc00a2c39e90264f33305004495a9","hash":"56f91c0e5fa02091e733f8f8d05b9cd6acd2edef"}
}
