TN:
SF:src\App.js
FN:5,(anonymous_0)
FNF:1
FNH:1
FNDA:1,(anonymous_0)
DA:5,1
DA:6,1
LF:2
LH:2
BRF:0
BRH:0
end_of_record
TN:
SF:src\safeMachine.js
FN:3,(anonymous_0)
FN:9,(anonymous_1)
FN:11,(anonymous_2)
FN:12,(anonymous_3)
FN:14,(anonymous_4)
FN:16,(anonymous_5)
FN:35,(anonymous_6)
FN:36,(anonymous_7)
FNF:8
FNH:5
FNDA:18,(anonymous_0)
FNDA:2,(anonymous_1)
FNDA:0,(anonymous_2)
FNDA:0,(anonymous_3)
FNDA:0,(anonymous_4)
FNDA:32,(anonymous_5)
FNDA:3,(anonymous_6)
FNDA:2,(anonymous_7)
DA:3,3
DA:4,18
DA:5,17
DA:6,17
DA:9,3
DA:11,3
DA:12,3
DA:14,3
DA:16,32
DA:35,3
DA:36,2
LF:11
LH:11
BRDA:4,0,0,1
BRDA:4,0,1,17
BRDA:4,1,0,18
BRDA:4,1,1,17
BRDA:5,2,0,0
BRDA:5,2,1,17
BRF:6
BRH:5
end_of_record
TN:
SF:src\components\Combination\Combination.js
FN:3,(anonymous_0)
FN:4,(anonymous_1)
FNF:2
FNH:2
FNDA:32,(anonymous_0)
FNDA:49,(anonymous_1)
DA:3,3
DA:4,32
DA:5,49
DA:8,32
LF:4
LH:4
BRF:0
BRH:0
end_of_record
TN:
SF:src\components\Lock\Lock.js
FN:8,(anonymous_0)
FN:23,(anonymous_1)
FN:24,(anonymous_2)
FN:25,(anonymous_3)
FN:30,(anonymous_4)
FN:46,(anonymous_5)
FN:59,(anonymous_6)
FN:69,(anonymous_7)
FN:75,(anonymous_8)
FNF:9
FNH:9
FNDA:31,(anonymous_0)
FNDA:17,(anonymous_1)
FNDA:2,(anonymous_2)
FNDA:3,(anonymous_3)
FNDA:3,(anonymous_4)
FNDA:18,(anonymous_5)
FNDA:18,(anonymous_6)
FNDA:2,(anonymous_7)
FNDA:3,(anonymous_8)
DA:8,2
DA:11,31
DA:14,31
DA:20,31
DA:21,31
DA:23,31
DA:24,31
DA:25,31
DA:26,31
DA:28,31
DA:30,31
DA:31,3
DA:32,3
DA:34,1
DA:35,1
DA:37,2
DA:38,2
DA:41,0
DA:42,0
DA:46,31
DA:47,18
DA:48,17
DA:52,31
DA:53,31
DA:54,31
DA:55,1840
DA:59,18
DA:65,31
DA:70,2
DA:71,2
DA:75,3
LF:31
LH:29
BRDA:11,0,0,0
BRDA:11,0,1,31
BRDA:32,1,0,1
BRDA:32,1,1,2
BRDA:32,1,2,0
BRDA:32,1,3,0
BRDA:47,2,0,1
BRDA:47,2,1,17
BRF:8
BRH:5
end_of_record
