TN:
SF:src\App.js
FN:5,(anonymous_0)
FNF:1
FNH:1
FNDA:1,(anonymous_0)
DA:5,1
DA:6,1
LF:2
LH:2
BRF:0
BRH:0
end_of_record
TN:
SF:src\components\Combination\Combination.js
FN:3,(anonymous_0)
FN:4,(anonymous_1)
FNF:2
FNH:2
FNDA:32,(anonymous_0)
FNDA:49,(anonymous_1)
DA:3,3
DA:4,32
DA:5,49
DA:8,32
LF:4
LH:4
BRF:0
BRH:0
end_of_record
TN:
SF:src\components\Lock\Lock.js
FN:6,(anonymous_0)
FN:19,(anonymous_1)
FN:27,(anonymous_2)
FN:40,(anonymous_3)
FN:50,(anonymous_4)
FN:57,(anonymous_5)
FNF:6
FNH:6
FNDA:32,(anonymous_0)
FNDA:3,(anonymous_1)
FNDA:18,(anonymous_2)
FNDA:18,(anonymous_3)
FNDA:2,(anonymous_4)
FNDA:3,(anonymous_5)
DA:6,2
DA:7,32
DA:11,31
DA:17,31
DA:19,31
DA:20,3
DA:25,31
DA:27,31
DA:28,18
DA:29,17
DA:33,31
DA:34,31
DA:35,31
DA:36,1805
DA:40,18
DA:46,31
DA:51,2
DA:52,2
DA:57,3
LF:19
LH:19
BRDA:7,0,0,1
BRDA:7,0,1,31
BRDA:20,1,0,1
BRDA:20,1,1,2
BRDA:28,2,0,1
BRDA:28,2,1,17
BRF:6
BRH:6
end_of_record
TN:
SF:src\components\Lock\checkCode.js
FN:1,(anonymous_0)
FN:3,(anonymous_1)
FNF:2
FNH:2
FNDA:16,(anonymous_0)
FNDA:8,(anonymous_1)
DA:1,16
DA:3,3
DA:4,8
LF:3
LH:3
BRDA:3,0,0,1
BRDA:4,1,0,5
BRDA:4,1,1,3
BRF:3
BRH:3
end_of_record
